<?xml version='1.1' encoding='UTF-8'?>
<result plugin="junit@1.27">
  <suites>
    <suite>
      <file>/var/jenkins_home/workspace/Automacao/Reports/JUnit_Report.xml</file>
      <name>Hemovida</name>
      <stdout>2019-05-02 19:11:05 - [TEST_SUITE][PASSED] - Hemovida: Test Cases/LoginTest</stdout>
      <stderr></stderr>
      <duration>17.0</duration>
      <timestamp>2019-05-02 19:11:05</timestamp>
      <id>Test Suites/Hemovida</id>
      <time>17</time>
      <enclosingBlocks/>
      <enclosingBlockNames/>
      <cases>
        <case>
          <duration>0.0</duration>
          <className>Test Cases/LoginTest</className>
          <testName>Test Cases/LoginTest</testName>
          <skipped>false</skipped>
          <stdout>2019-05-02 19:11:06 - [TEST_CASE][PASSED] - Test Cases/LoginTest: Test Cases/LoginTest

2019-05-02 19:11:06 - [TEST_STEP][PASSED] - openBrowser(&quot;&quot;): Browser is opened with url: &apos;&apos;

2019-05-02 19:11:07 - [MESSAGE][INFO] - Starting &apos;Chrome&apos; driver

2019-05-02 19:11:07 - [MESSAGE][INFO] - Action delay is set to 0 seconds

2019-05-02 19:11:13 - [MESSAGE][PASSED] - Browser is opened with url: &apos;&apos;

2019-05-02 19:11:13 - [TEST_STEP][PASSED] - navigateToUrl(&quot;http://&quot; + branch + &quot;.hemovida.cast.com.br/&quot;):
...[truncated 1608 chars]...
age_Hemovida/select_- Selecione -2795957 -&apos;  using regular expression

2019-05-02 19:11:20 - [TEST_STEP][PASSED] - click(findTestObject(&quot;Page_Hemovida/input__btnSalvar&quot;)): Object: &apos;Object Repository/Page_Hemovida/input__btnSalvar&apos; is clicked on

2019-05-02 19:11:22 - [MESSAGE][PASSED] - Object: &apos;Object Repository/Page_Hemovida/input__btnSalvar&apos; is clicked on

2019-05-02 19:11:22 - [TEST_STEP][PASSED] - closeBrowser(): Browser is closed

2019-05-02 19:11:23 - [MESSAGE][PASSED] - Browser is closed</stdout>
          <stderr></stderr>
          <failedSince>0</failedSince>
        </case>
      </cases>
    </suite>
  </suites>
  <duration>17.0</duration>
  <keepLongStdio>false</keepLongStdio>
</result>